<?xml version="1.0" encoding="UTF-8"?>
<!-- Generated by org.testng.reporters.JUnitReportReporter -->
<testsuite hostname="CHEBLI-RAMZI" failures="0" tests="3" name="com.freecrm.TestCase.LoginTest" time="41.107" errors="0" timestamp="2023-02-28T13:47:42 WAT" skipped="0">
  <testcase classname="com.freecrm.TestCase.LoginTest" name="url" time="9.288"/>
  <system-out/>
  <testcase classname="com.freecrm.TestCase.LoginTest" name="Image" time="9.840"/>
  <system-out/>
  <testcase classname="com.freecrm.TestCase.LoginTest" name="LogIn" time="21.979"/>
  <system-out/>
</testsuite> <!-- com.freecrm.TestCase.LoginTest -->
