<?xml version="1.0" encoding="UTF-8"?>
<!-- Generated by org.testng.reporters.JUnitReportReporter -->
<testsuite hostname="CHEBLI-RAMZI" failures="0" tests="2" name="com.freecrm.TestCase.HomeTest" time="51.123" errors="0" timestamp="2023-02-21T10:35:41 WAT" skipped="0">
  <testcase classname="com.freecrm.TestCase.HomeTest" name="getAlertBox" time="22.671"/>
  <system-out/>
  <testcase classname="com.freecrm.TestCase.HomeTest" name="addNewContact" time="28.452"/>
  <system-out/>
</testsuite> <!-- com.freecrm.TestCase.HomeTest -->
