<?xml version="1.0" encoding="UTF-8"?>
<!-- Generated by org.testng.reporters.JUnitReportReporter -->
<testsuite hostname="CHEBLI-RAMZI" failures="0" tests="3" name="com.freecrm.TestCase.LoginTest" time="53.785" errors="0" timestamp="2023-02-21T10:35:41 WAT" skipped="0">
  <testcase classname="com.freecrm.TestCase.LoginTest" name="url" time="8.987"/>
  <system-out/>
  <testcase classname="com.freecrm.TestCase.LoginTest" name="Image" time="24.983"/>
  <system-out/>
  <testcase classname="com.freecrm.TestCase.LoginTest" name="LogIn" time="19.815"/>
  <system-out/>
</testsuite> <!-- com.freecrm.TestCase.LoginTest -->
