<?xml version="1.0" encoding="UTF-8"?>
<!-- Generated by org.testng.reporters.JUnitReportReporter -->
<testsuite hostname="CHEBLI-RAMZI" failures="0" tests="3" name="com.freecrm.TestCase.Login" time="64.582" errors="0" timestamp="2023-02-14T12:52:05 WAT" skipped="0">
  <testcase classname="com.freecrm.TestCase.Login" name="getUrl" time="34.490"/>
  <system-out/>
  <testcase classname="com.freecrm.TestCase.Login" name="getImage" time="10.152"/>
  <system-out/>
  <testcase classname="com.freecrm.TestCase.Login" name="getLogIn" time="19.940"/>
  <system-out/>
</testsuite> <!-- com.freecrm.TestCase.Login -->
