<?xml version="1.0" encoding="UTF-8"?>
<!-- Generated by org.testng.reporters.JUnitReportReporter -->
<testsuite hostname="CHEBLI-RAMZI" failures="0" tests="2" name="com.freecrm.TestCase.Home" time="62.996" errors="0" timestamp="2023-02-19T10:20:25 WAT" skipped="0">
  <testcase classname="com.freecrm.TestCase.Home" name="addNewContact" time="35.177"/>
  <system-out/>
  <testcase classname="com.freecrm.TestCase.Home" name="getAlertBox" time="27.819"/>
  <system-out/>
</testsuite> <!-- com.freecrm.TestCase.Home -->
