<?xml version="1.0" encoding="UTF-8"?>
<!-- Generated by org.testng.reporters.JUnitReportReporter -->
<testsuite hostname="CHEBLI-RAMZI" failures="0" tests="2" name="com.freecrm.TestCase.HomeTest" time="50.050" errors="0" timestamp="2023-02-28T13:56:56 WAT" skipped="0">
  <testcase classname="com.freecrm.TestCase.HomeTest" name="getAlertBox" time="25.195"/>
  <system-out/>
  <testcase classname="com.freecrm.TestCase.HomeTest" name="addNewContact" time="24.855"/>
  <system-out/>
</testsuite> <!-- com.freecrm.TestCase.HomeTest -->
