<?xml version="1.0" encoding="UTF-8"?>
<!-- Generated by org.testng.reporters.JUnitReportReporter -->
<testsuite hostname="CHEBLI-RAMZI" failures="0" tests="3" name="com.freecrm.TestCase.LoginTest" time="49.211" errors="0" timestamp="2023-02-28T13:56:56 WAT" skipped="0">
  <testcase classname="com.freecrm.TestCase.LoginTest" name="url" time="8.910"/>
  <system-out/>
  <testcase classname="com.freecrm.TestCase.LoginTest" name="Image" time="9.555"/>
  <system-out/>
  <testcase classname="com.freecrm.TestCase.LoginTest" name="LogIn" time="30.746"/>
  <system-out/>
</testsuite> <!-- com.freecrm.TestCase.LoginTest -->
